Logfile initialized
[INFO] logfile = /Users/indianic/Documents/Titanium_Studio_Workspace/AndroidGCM/build.log
[DEBUG] /Users/indianic/Library/Application Support/Titanium/mobilesdk/osx/3.1.0.GA/android/builder.py simulator android /Volumes/DATA/Androidz/android-sdk-mac_86 /Users/indianic/Documents/Titanium_Studio_Workspace/AndroidGCM com.dws.com 35 HVGA 
[INFO] Building android for Android ... one moment
[INFO] Titanium SDK version: 3.1.0 (04/15/13 18:45 57634ef)
[DEBUG] Waiting for device to be ready ...
[TRACE] adb devices returned 1 devices/emulators
[DEBUG] Device connected... (waited 0 seconds)
[DEBUG] waited 0.026687 seconds on emulator to get ready
[DEBUG] com.dws.com installed? False
[INFO] Fastdev server running, deploying in Fastdev mode
[INFO] Copying CommonJS modules...
[INFO] Copying project resources..
[INFO] Detected change in tiapp.xml, or assets deleted. Forcing full re-build...
[TRACE] COPYING CREATED FILE: /Users/indianic/Documents/Titanium_Studio_Workspace/AndroidGCM/Resources/android/appicon.png => /Users/indianic/Documents/Titanium_Studio_Workspace/AndroidGCM/build/android/bin/assets/Resources/appicon.png
[TRACE] COPYING CREATED FILE: /Users/indianic/Documents/Titanium_Studio_Workspace/AndroidGCM/Resources/android/default.png => /Users/indianic/Documents/Titanium_Studio_Workspace/AndroidGCM/build/android/bin/assets/Resources/default.png
[TRACE] COPYING CREATED FILE: /Users/indianic/Documents/Titanium_Studio_Workspace/AndroidGCM/Resources/app.js => /Users/indianic/Documents/Titanium_Studio_Workspace/AndroidGCM/build/android/bin/assets/Resources/app.js
[TRACE] COPYING CREATED FILE: /Users/indianic/Documents/Titanium_Studio_Workspace/AndroidGCM/Resources/appp.js => /Users/indianic/Documents/Titanium_Studio_Workspace/AndroidGCM/build/android/bin/assets/Resources/appp.js
[TRACE] COPYING CREATED FILE: /Users/indianic/Documents/Titanium_Studio_Workspace/AndroidGCM/Resources/KS_nav_ui.png => /Users/indianic/Documents/Titanium_Studio_Workspace/AndroidGCM/build/android/bin/assets/Resources/KS_nav_ui.png
[TRACE] COPYING CREATED FILE: /Users/indianic/Documents/Titanium_Studio_Workspace/AndroidGCM/Resources/KS_nav_views.png => /Users/indianic/Documents/Titanium_Studio_Workspace/AndroidGCM/build/android/bin/assets/Resources/KS_nav_views.png
[TRACE] COPYING CREATED FILE: /Users/indianic/Documents/Titanium_Studio_Workspace/AndroidGCM/Resources/PushNotification.js => /Users/indianic/Documents/Titanium_Studio_Workspace/AndroidGCM/build/android/bin/assets/Resources/PushNotification.js
[TRACE] COPYING CREATED FILE: /Users/indianic/Documents/Titanium_Studio_Workspace/AndroidGCM/Resources/tiapp22.xml => /Users/indianic/Documents/Titanium_Studio_Workspace/AndroidGCM/build/android/bin/assets/Resources/tiapp22.xml
[DEBUG] LiveView not enabled
[TRACE] Generating Java Classes
[DEBUG] Processing Android resource drawables
[TRACE] COPYING FILE: /Users/indianic/Documents/Titanium_Studio_Workspace/AndroidGCM/Resources/android/images/medium/glove.jpg => /Users/indianic/Documents/Titanium_Studio_Workspace/AndroidGCM/build/android/res/drawable-mdpi/glove_848b4ae066.jpg
[DEBUG] app stylesheet => /Users/indianic/Documents/Titanium_Studio_Workspace/AndroidGCM/build/android/gen/com/dws/com/ApplicationStylesheet.java
[DEBUG] copying app icon: /Users/indianic/Documents/Titanium_Studio_Workspace/AndroidGCM/build/android/bin/assets/Resources/appicon.png
[DEBUG] generating theme.xml
[DEBUG] found drawable-long-land-hdpi splash screen at /Users/indianic/Documents/Titanium_Studio_Workspace/AndroidGCM/Resources/android/images/res-long-land-hdpi/default.png
[DEBUG] copying /Users/indianic/Documents/Titanium_Studio_Workspace/AndroidGCM/Resources/android/images/res-long-land-hdpi/default.png splash screen to /Users/indianic/Documents/Titanium_Studio_Workspace/AndroidGCM/build/android/res/drawable-long-land-hdpi/background.png
[DEBUG] found drawable-long-land-ldpi splash screen at /Users/indianic/Documents/Titanium_Studio_Workspace/AndroidGCM/Resources/android/images/res-long-land-ldpi/default.png
[DEBUG] copying /Users/indianic/Documents/Titanium_Studio_Workspace/AndroidGCM/Resources/android/images/res-long-land-ldpi/default.png splash screen to /Users/indianic/Documents/Titanium_Studio_Workspace/AndroidGCM/build/android/res/drawable-long-land-ldpi/background.png
[DEBUG] found drawable-long-port-hdpi splash screen at /Users/indianic/Documents/Titanium_Studio_Workspace/AndroidGCM/Resources/android/images/res-long-port-hdpi/default.png
[DEBUG] copying /Users/indianic/Documents/Titanium_Studio_Workspace/AndroidGCM/Resources/android/images/res-long-port-hdpi/default.png splash screen to /Users/indianic/Documents/Titanium_Studio_Workspace/AndroidGCM/build/android/res/drawable-long-port-hdpi/background.png
[DEBUG] found drawable-long-port-ldpi splash screen at /Users/indianic/Documents/Titanium_Studio_Workspace/AndroidGCM/Resources/android/images/res-long-port-ldpi/default.png
[DEBUG] copying /Users/indianic/Documents/Titanium_Studio_Workspace/AndroidGCM/Resources/android/images/res-long-port-ldpi/default.png splash screen to /Users/indianic/Documents/Titanium_Studio_Workspace/AndroidGCM/build/android/res/drawable-long-port-ldpi/background.png
[DEBUG] found drawable-notlong-land-hdpi splash screen at /Users/indianic/Documents/Titanium_Studio_Workspace/AndroidGCM/Resources/android/images/res-notlong-land-hdpi/default.png
[DEBUG] copying /Users/indianic/Documents/Titanium_Studio_Workspace/AndroidGCM/Resources/android/images/res-notlong-land-hdpi/default.png splash screen to /Users/indianic/Documents/Titanium_Studio_Workspace/AndroidGCM/build/android/res/drawable-notlong-land-hdpi/background.png
[DEBUG] found drawable-notlong-land-ldpi splash screen at /Users/indianic/Documents/Titanium_Studio_Workspace/AndroidGCM/Resources/android/images/res-notlong-land-ldpi/default.png
[DEBUG] copying /Users/indianic/Documents/Titanium_Studio_Workspace/AndroidGCM/Resources/android/images/res-notlong-land-ldpi/default.png splash screen to /Users/indianic/Documents/Titanium_Studio_Workspace/AndroidGCM/build/android/res/drawable-notlong-land-ldpi/background.png
[DEBUG] found drawable-notlong-land-mdpi splash screen at /Users/indianic/Documents/Titanium_Studio_Workspace/AndroidGCM/Resources/android/images/res-notlong-land-mdpi/default.png
[DEBUG] copying /Users/indianic/Documents/Titanium_Studio_Workspace/AndroidGCM/Resources/android/images/res-notlong-land-mdpi/default.png splash screen to /Users/indianic/Documents/Titanium_Studio_Workspace/AndroidGCM/build/android/res/drawable-notlong-land-mdpi/background.png
[DEBUG] found drawable-notlong-port-hdpi splash screen at /Users/indianic/Documents/Titanium_Studio_Workspace/AndroidGCM/Resources/android/images/res-notlong-port-hdpi/default.png
[DEBUG] copying /Users/indianic/Documents/Titanium_Studio_Workspace/AndroidGCM/Resources/android/images/res-notlong-port-hdpi/default.png splash screen to /Users/indianic/Documents/Titanium_Studio_Workspace/AndroidGCM/build/android/res/drawable-notlong-port-hdpi/background.png
[DEBUG] found drawable-notlong-port-ldpi splash screen at /Users/indianic/Documents/Titanium_Studio_Workspace/AndroidGCM/Resources/android/images/res-notlong-port-ldpi/default.png
[DEBUG] copying /Users/indianic/Documents/Titanium_Studio_Workspace/AndroidGCM/Resources/android/images/res-notlong-port-ldpi/default.png splash screen to /Users/indianic/Documents/Titanium_Studio_Workspace/AndroidGCM/build/android/res/drawable-notlong-port-ldpi/background.png
[DEBUG] found drawable-notlong-port-mdpi splash screen at /Users/indianic/Documents/Titanium_Studio_Workspace/AndroidGCM/Resources/android/images/res-notlong-port-mdpi/default.png
[DEBUG] copying /Users/indianic/Documents/Titanium_Studio_Workspace/AndroidGCM/Resources/android/images/res-notlong-port-mdpi/default.png splash screen to /Users/indianic/Documents/Titanium_Studio_Workspace/AndroidGCM/build/android/res/drawable-notlong-port-mdpi/background.png
[DEBUG] found splash screen at /Users/indianic/Documents/Titanium_Studio_Workspace/AndroidGCM/build/android/bin/assets/Resources/default.png
[TRACE] Writing out AndroidManifest.xml
[DEBUG] adding /Users/indianic/Documents/Titanium_Studio_Workspace/AndroidGCM/build/android/gen/com/dws/com/AndroidActivity.java to javac build list
[DEBUG] adding /Users/indianic/Documents/Titanium_Studio_Workspace/AndroidGCM/build/android/gen/com/dws/com/AndroidAppInfo.java to javac build list
[DEBUG] adding /Users/indianic/Documents/Titanium_Studio_Workspace/AndroidGCM/build/android/gen/com/dws/com/AndroidApplication.java to javac build list
[DEBUG] adding /Users/indianic/Documents/Titanium_Studio_Workspace/AndroidGCM/build/android/gen/com/dws/com/ApplicationStylesheet.java to javac build list
[DEBUG] adding /Users/indianic/Documents/Titanium_Studio_Workspace/AndroidGCM/build/android/gen/com/dws/com/Manifest.java to javac build list
[DEBUG] adding /Users/indianic/Documents/Titanium_Studio_Workspace/AndroidGCM/build/android/gen/com/dws/com/R.java to javac build list
[DEBUG] Building Java Sources: "/Users/indianic/Documents/Titanium_Studio_Workspace/AndroidGCM/build/android/gen/com/dws/com/AndroidActivity.java" "/Users/indianic/Documents/Titanium_Studio_Workspace/AndroidGCM/build/android/gen/com/dws/com/AndroidAppInfo.java" "/Users/indianic/Documents/Titanium_Studio_Workspace/AndroidGCM/build/android/gen/com/dws/com/AndroidApplication.java" "/Users/indianic/Documents/Titanium_Studio_Workspace/AndroidGCM/build/android/gen/com/dws/com/ApplicationStylesheet.java" "/Users/indianic/Documents/Titanium_Studio_Workspace/AndroidGCM/build/android/gen/com/dws/com/Manifest.java" "/Users/indianic/Documents/Titanium_Studio_Workspace/AndroidGCM/build/android/gen/com/dws/com/R.java"
[INFO] Compiling Android Resources... This could take some time
[DEBUG] Android classes.dex built
[DEBUG] creating unsigned apk: /Users/indianic/Documents/Titanium_Studio_Workspace/AndroidGCM/build/android/bin/app-unsigned.apk
[DEBUG] from resource zip => assets/Resources/KS_nav_ui.png
[DEBUG] from resource zip => assets/Resources/KS_nav_views.png
[DEBUG] from resource zip => assets/Resources/PushNotification.js
[DEBUG] from resource zip => assets/Resources/app.js
[DEBUG] from resource zip => assets/Resources/appicon.png
[DEBUG] from resource zip => assets/Resources/appp.js
[DEBUG] from resource zip => assets/Resources/default.png
[DEBUG] from resource zip => assets/Resources/tiapp22.xml
[DEBUG] from resource zip => assets/app.json
[DEBUG] from resource zip => assets/index.json
[DEBUG] from resource zip => assets/tiapp.xml
[DEBUG] from resource zip => res/drawable/appicon.png
[DEBUG] from resource zip => res/drawable/background.png
[DEBUG] from resource zip => res/drawable/btn_check_buttonless_on_64.png
[DEBUG] from resource zip => res/drawable/btn_more_64.png
[DEBUG] from resource zip => res/drawable/disclosure_64.png
[DEBUG] from resource zip => res/layout/titanium_tabgroup.xml
[DEBUG] from resource zip => res/layout/titanium_ui_list_header_or_footer.xml
[DEBUG] from resource zip => res/layout/titanium_ui_list_item.xml
[DEBUG] from resource zip => AndroidManifest.xml
[DEBUG] from resource zip => resources.arsc
[DEBUG] from resource zip => res/drawable-mdpi/glove_848b4ae066.jpg
[DEBUG] from resource zip => res/drawable-long-land-hdpi/background.png
[DEBUG] from resource zip => res/drawable-long-land-ldpi/background.png
[DEBUG] from resource zip => res/drawable-long-port-hdpi/background.png
[DEBUG] from resource zip => res/drawable-long-port-ldpi/background.png
[DEBUG] from resource zip => res/drawable-notlong-land-hdpi/background.png
[DEBUG] from resource zip => res/drawable-notlong-land-ldpi/background.png
[DEBUG] from resource zip => res/drawable-notlong-land-mdpi/background.png
[DEBUG] from resource zip => res/drawable-notlong-port-hdpi/background.png
[DEBUG] from resource zip => res/drawable-notlong-port-ldpi/background.png
[DEBUG] from resource zip => res/drawable-notlong-port-mdpi/background.png
[DEBUG] from JAR /Users/indianic/Library/Application Support/Titanium/mobilesdk/osx/3.1.0.GA/android/thirdparty.jar => org/apache/Commons-NOTICE.txt
[DEBUG] from JAR /Users/indianic/Library/Application Support/Titanium/mobilesdk/osx/3.1.0.GA/android/thirdparty.jar => org/apache/HttpComponents-NOTICE.txt
[DEBUG] from JAR /Users/indianic/Library/Application Support/Titanium/mobilesdk/osx/3.1.0.GA/android/thirdparty.jar => org/apache/mime4j-NOTICE.txt
[DEBUG] from JAR /Users/indianic/Library/Application Support/Titanium/mobilesdk/osx/3.1.0.GA/android/modules/titanium-ui.jar => ti/modules/titanium/ui/widget/webview/binding.js
[DEBUG] from JAR /Users/indianic/Library/Application Support/Titanium/mobilesdk/osx/3.1.0.GA/android/modules/titanium-ui.jar => ti/modules/titanium/ui/widget/webview/binding.min.js
[DEBUG] from JAR /Users/indianic/Library/Application Support/Titanium/mobilesdk/osx/3.1.0.GA/android/modules/titanium-ui.jar => ti/modules/titanium/ui/widget/webview/json2.js
[DEBUG] from JAR /Users/indianic/Library/Application Support/Titanium/mobilesdk/osx/3.1.0.GA/android/modules/titanium-ui.jar => ti/modules/titanium/ui/widget/webview/polling.js
[DEBUG] from JAR /Users/indianic/Library/Application Support/Titanium/mobilesdk/osx/3.1.0.GA/android/modules/titanium-ui.jar => ti/modules/titanium/ui/widget/webview/polling.min.js
[DEBUG] from JAR /Users/indianic/Library/Application Support/Titanium/mobilesdk/osx/3.1.0.GA/android/titanium.jar => org/appcelerator/titanium/build.properties
[DEBUG] from JAR /Users/indianic/Library/Application Support/Titanium/mobilesdk/osx/3.1.0.GA/android/titanium.jar => org/appcelerator/titanium/res/drawable/background.png
[DEBUG] from JAR /Users/indianic/Library/Application Support/Titanium/mobilesdk/osx/3.1.0.GA/android/titanium.jar => org/appcelerator/titanium/res/drawable/btn_check_buttonless_on.png
[DEBUG] from JAR /Users/indianic/Library/Application Support/Titanium/mobilesdk/osx/3.1.0.GA/android/titanium.jar => org/appcelerator/titanium/res/drawable/btn_check_buttonless_on_18.png
[DEBUG] from JAR /Users/indianic/Library/Application Support/Titanium/mobilesdk/osx/3.1.0.GA/android/titanium.jar => org/appcelerator/titanium/res/drawable/btn_check_buttonless_on_48.png
[DEBUG] from JAR /Users/indianic/Library/Application Support/Titanium/mobilesdk/osx/3.1.0.GA/android/titanium.jar => org/appcelerator/titanium/res/drawable/btn_check_buttonless_on_64.png
[DEBUG] from JAR /Users/indianic/Library/Application Support/Titanium/mobilesdk/osx/3.1.0.GA/android/titanium.jar => org/appcelerator/titanium/res/drawable/btn_more.png
[DEBUG] from JAR /Users/indianic/Library/Application Support/Titanium/mobilesdk/osx/3.1.0.GA/android/titanium.jar => org/appcelerator/titanium/res/drawable/btn_more_18.png
[DEBUG] from JAR /Users/indianic/Library/Application Support/Titanium/mobilesdk/osx/3.1.0.GA/android/titanium.jar => org/appcelerator/titanium/res/drawable/btn_more_48.png
[DEBUG] from JAR /Users/indianic/Library/Application Support/Titanium/mobilesdk/osx/3.1.0.GA/android/titanium.jar => org/appcelerator/titanium/res/drawable/btn_more_64.png
[DEBUG] from JAR /Users/indianic/Library/Application Support/Titanium/mobilesdk/osx/3.1.0.GA/android/titanium.jar => org/appcelerator/titanium/res/drawable/btn_picker_normal.9.png
[DEBUG] from JAR /Users/indianic/Library/Application Support/Titanium/mobilesdk/osx/3.1.0.GA/android/titanium.jar => org/appcelerator/titanium/res/drawable/btn_picker_pressed.9.png
[DEBUG] from JAR /Users/indianic/Library/Application Support/Titanium/mobilesdk/osx/3.1.0.GA/android/titanium.jar => org/appcelerator/titanium/res/drawable/btn_picker_selected.9.png
[DEBUG] from JAR /Users/indianic/Library/Application Support/Titanium/mobilesdk/osx/3.1.0.GA/android/titanium.jar => org/appcelerator/titanium/res/drawable/default_icon.png
[DEBUG] from JAR /Users/indianic/Library/Application Support/Titanium/mobilesdk/osx/3.1.0.GA/android/titanium.jar => org/appcelerator/titanium/res/drawable/photoDefault.png
[DEBUG] installing native lib: /Users/indianic/Documents/Titanium_Studio_Workspace/AndroidGCM/modules/android/com.activate.gcm/0.4/libs/armeabi/libcom.activate.gcm.so
[DEBUG] installing native lib: /Users/indianic/Documents/Titanium_Studio_Workspace/AndroidGCM/modules/android/com.activate.gcm/0.4/libs/armeabi-v7a/libcom.activate.gcm.so
[DEBUG] installing native SDK libs
[DEBUG] Waiting for device to be ready ...
[TRACE] adb devices returned 1 devices/emulators
[DEBUG] Device connected... (waited 0 seconds)
[DEBUG] waited 0.015906 seconds on emulator to get ready
[INFO] Installing application on emulator
[INFO] Launching application ... android
[TRACE] Launch output: Starting: Intent { act=android.intent.action.MAIN cat=[android.intent.category.LAUNCHER] flg=0x10200000 cmp=com.dws.com/.AndroidActivity }

[INFO] Deployed android ... Application should be running.
